\BOOKMARK [0][-]{chapter.1}{Cap1}{}% 1
\BOOKMARK [1][-]{section.1.1}{Sensori e trasduttori}{chapter.1}% 2
\BOOKMARK [2][-]{subsection.1.1.1}{I sensori}{section.1.1}% 3
\BOOKMARK [2][-]{subsection.1.1.2}{Tipi di sensori}{section.1.1}% 4
\BOOKMARK [2][-]{subsection.1.1.3}{Classificazione dei sensori}{section.1.1}% 5
\BOOKMARK [2][-]{subsection.1.1.4}{I trasduttori}{section.1.1}% 6
\BOOKMARK [2][-]{subsection.1.1.5}{Tipi di trasduttori}{section.1.1}% 7
\BOOKMARK [1][-]{section.1.2}{Parametri caratteristici}{chapter.1}% 8
\BOOKMARK [2][-]{subsection.1.2.1}{La sensibilit\340}{section.1.2}% 9
\BOOKMARK [2][-]{subsection.1.2.2}{La risoluzione}{section.1.2}% 10
\BOOKMARK [2][-]{subsection.1.2.3}{La riproducibilit\340}{section.1.2}% 11
\BOOKMARK [2][-]{subsection.1.2.4}{L'accuratezza}{section.1.2}% 12
\BOOKMARK [2][-]{subsection.1.2.5}{Il drift}{section.1.2}% 13
\BOOKMARK [1][-]{section.1.3}{Acquisizione e al trattamento dei segnali}{chapter.1}% 14
\BOOKMARK [2][-]{subsection.1.3.1}{Il segnale}{section.1.3}% 15
\BOOKMARK [2][-]{subsection.1.3.2}{Lettura del segnale}{section.1.3}% 16
\BOOKMARK [2][-]{subsection.1.3.3}{Campionamento o discretizzazione}{section.1.3}% 17
\BOOKMARK [2][-]{subsection.1.3.4}{Quantizzazione}{section.1.3}% 18
\BOOKMARK [0][-]{chapter.2}{Cap2}{}% 19
\BOOKMARK [0][-]{chapter.3}{Cap3}{}% 20
\BOOKMARK [0][-]{chapter.4}{Cap4}{}% 21
